<?xml version="1.0" encoding="UTF-8"?>
<!-- Generated by org.testng.reporters.JUnitXMLReporter -->
<testsuite hostname="DESKTOP-BBN4TQ6" failures="0" tests="3" name="Default test" time="0.046" errors="0" timestamp="11 Jan 2022 18:50:37 GMT">
  <testcase classname="com.learning.week3.AutomationTests" name="myTest1" time="0.015"/>
  <testcase classname="com.learning.week3.AutomationTests" name="myTest4" time="0.002"/>
  <testcase classname="com.learning.week3.AutomationTests" name="myTest2" time="0.003"/>
</testsuite> <!-- Default test -->
